<?xml version="1.0" encoding="UTF-8"?>
<testsuite name="com.att.demo.component.UserResourceComponentTest" time="0.156" tests="2" errors="0" skipped="0" failures="2">
  <properties>
[...]
</properties>
  <testcase name="addUserTest" classname="com.att.demo.component.UserResourceComponentTest" time="0.109">
    <failure message="expected:&lt;200&gt; but was:&lt;500&gt;" type="java.lang.AssertionError"><![CDATA[java.lang.AssertionError: expected:<200> but was:<500>
	at org.junit.Assert.fail(Assert.java:88)
	at org.junit.Assert.failNotEquals(Assert.java:834)
	at org.junit.Assert.assertEquals(Assert.java:645)
	at org.junit.Assert.assertEquals(Assert.java:631)
	at com.att.demo.component.UserResourceComponentTest.addUserTest(UserResourceComponentTest.java:66)
]]></failure>
    <system-out><![CDATA[2018-04-19 13:54:54.841  INFO 11188 --- [           main] .b.t.a.w.s.WebMvcTestContextBootstrapper : Neither @ContextConfiguration nor @ContextHierarchy found for test class [com.att.demo.component.UserResourceComponentTest], using SpringBootContextLoader
2018-04-19 13:54:54.857  INFO 11188 --- [           main] o.s.t.c.support.AbstractContextLoader    : Could not detect default resource locations for test class [com.att.demo.component.UserResourceComponentTest]: no resource found for suffixes {-context.xml, Context.groovy}.
2018-04-19 13:54:54.857  INFO 11188 --- [           main] t.c.s.AnnotationConfigContextLoaderUtils : Could not detect default configuration classes for test class [com.att.demo.component.UserResourceComponentTest]: UserResourceComponentTest does not declare any static, non-private, non-final, nested classes annotated with @Configuration.
2018-04-19 13:54:54.888  INFO 11188 --- [           main] .b.t.c.SpringBootTestContextBootstrapper : Found @SpringBootConfiguration com.att.demo.DemoApp for test class com.att.demo.component.UserResourceComponentTest
2018-04-19 13:54:54.888  INFO 11188 --- [           main] .b.t.a.w.s.WebMvcTestContextBootstrapper : Loaded default TestExecutionListener class names from location [META-INF/spring.factories]: [org.springframework.boot.test.mock.mockito.MockitoTestExecutionListener, org.springframework.boot.test.mock.mockito.ResetMocksTestExecutionListener, org.springframework.boot.test.autoconfigure.restdocs.RestDocsTestExecutionListener, org.springframework.boot.test.autoconfigure.web.client.MockRestServiceServerResetTestExecutionListener, org.springframework.boot.test.autoconfigure.web.servlet.MockMvcPrintOnlyOnFailureTestExecutionListener, org.springframework.boot.test.autoconfigure.web.servlet.WebDriverTestExecutionListener, org.springframework.test.context.web.ServletTestExecutionListener, org.springframework.test.context.support.DirtiesContextBeforeModesTestExecutionListener, org.springframework.test.context.support.DependencyInjectionTestExecutionListener, org.springframework.test.context.support.DirtiesContextTestExecutionListener, org.springframework.test.context.transaction.TransactionalTestExecutionListener, org.springframework.test.context.jdbc.SqlScriptsTestExecutionListener]
2018-04-19 13:54:54.888  INFO 11188 --- [           main] .b.t.a.w.s.WebMvcTestContextBootstrapper : Could not instantiate TestExecutionListener [org.springframework.test.context.transaction.TransactionalTestExecutionListener]. Specify custom listener classes or make the default listener classes (and their required dependencies) available. Offending class: [org/springframework/transaction/interceptor/TransactionAttributeSource]
2018-04-19 13:54:54.888  INFO 11188 --- [           main] .b.t.a.w.s.WebMvcTestContextBootstrapper : Could not instantiate TestExecutionListener [org.springframework.test.context.jdbc.SqlScriptsTestExecutionListener]. Specify custom listener classes or make the default listener classes (and their required dependencies) available. Offending class: [org/springframework/transaction/interceptor/TransactionAttribute]
2018-04-19 13:54:54.888  INFO 11188 --- [           main] .b.t.a.w.s.WebMvcTestContextBootstrapper : Using TestExecutionListeners: [org.springframework.test.context.web.ServletTestExecutionListener@6167c42f, org.springframework.test.context.support.DirtiesContextBeforeModesTestExecutionListener@2cbc2db2, org.springframework.boot.test.autoconfigure.SpringBootDependencyInjectionTestExecutionListener@2de96eba, org.springframework.test.context.support.DirtiesContextTestExecutionListener@3ef914f5, org.springframework.boot.test.autoconfigure.web.servlet.MockMvcPrintOnlyOnFailureTestExecutionListener@61e0f9b9, org.springframework.boot.test.mock.mockito.MockitoTestExecutionListener@2c7c898a, org.springframework.boot.test.autoconfigure.web.servlet.WebDriverTestExecutionListener@4a86be01, org.springframework.boot.test.autoconfigure.web.client.MockRestServiceServerResetTestExecutionListener@3cae4518, org.springframework.boot.test.mock.mockito.ResetMocksTestExecutionListener@5a654e05, org.springframework.boot.test.autoconfigure.restdocs.RestDocsTestExecutionListener@121dac1a]

  .   ____          _            __ _ _
 /\\ / ___'_ __ _ _(_)_ __  __ _ \ \ \ \
( ( )\___ | '_ | '_| | '_ \/ _` | \ \ \ \
 \\/  ___)| |_)| | | | | || (_| |  ) ) ) )
  '  |____| .__|_| |_|_| |_\__, | / / / /
 =========|_|==============|___/=/_/_/_/
 :: Spring Boot ::        (v1.5.6.RELEASE)

2018-04-19 13:54:54.973  INFO 11188 --- [           main] c.a.d.c.UserResourceComponentTest        : Starting UserResourceComponentTest on DESKTOP-22HTJJI with PID 11188 (started by bharat in C:\Users\bharat\git\java-engineer-sample)
2018-04-19 13:54:54.973  INFO 11188 --- [           main] c.a.d.c.UserResourceComponentTest        : No active profile set, falling back to default profiles: default
2018-04-19 13:54:54.973  INFO 11188 --- [           main] o.s.w.c.s.GenericWebApplicationContext   : Refreshing org.springframework.web.context.support.GenericWebApplicationContext@6787bd41: startup date [Thu Apr 19 13:54:54 CDT 2018]; root of context hierarchy
2018-04-19 13:54:56.499  INFO 11188 --- [           main] f.a.AutowiredAnnotationBeanPostProcessor : JSR-330 'javax.inject.Inject' annotation found and supported for autowiring
2018-04-19 13:54:56.594  INFO 11188 --- [           main] org.reflections.Reflections              : Reflections took 32 ms to scan 1 urls, producing 92 keys and 101 values 
2018-04-19 13:54:56.890  INFO 11188 --- [           main] s.w.s.m.m.a.RequestMappingHandlerMapping : Mapped "{[],methods=[POST]}" onto public org.springframework.http.ResponseEntity<com.att.demo.model.Account> com.att.demo.resource.AccountResourceImpl.getAccount(int)
2018-04-19 13:54:56.890  INFO 11188 --- [           main] s.w.s.m.m.a.RequestMappingHandlerMapping : Mapped "{[/v2/api-docs],methods=[GET],produces=[application/json || application/hal+json]}" onto public org.springframework.http.ResponseEntity<springfox.documentation.spring.web.json.Json> springfox.documentation.swagger2.web.Swagger2Controller.getDocumentation(java.lang.String,javax.servlet.http.HttpServletRequest)
2018-04-19 13:54:56.906  INFO 11188 --- [           main] s.w.s.m.m.a.RequestMappingHandlerMapping : Mapped "{[/configuration/security]}" onto org.springframework.http.ResponseEntity<springfox.documentation.swagger.web.SecurityConfiguration> springfox.documentation.swagger.web.ApiResourceController.securityConfiguration()
2018-04-19 13:54:56.906  INFO 11188 --- [           main] s.w.s.m.m.a.RequestMappingHandlerMapping : Mapped "{[/configuration/ui]}" onto org.springframework.http.ResponseEntity<springfox.documentation.swagger.web.UiConfiguration> springfox.documentation.swagger.web.ApiResourceController.uiConfiguration()
2018-04-19 13:54:56.906  INFO 11188 --- [           main] s.w.s.m.m.a.RequestMappingHandlerMapping : Mapped "{[/swagger-resources]}" onto org.springframework.http.ResponseEntity<java.util.List<springfox.documentation.swagger.web.SwaggerResource>> springfox.documentation.swagger.web.ApiResourceController.swaggerResources()
2018-04-19 13:54:56.906  INFO 11188 --- [           main] s.w.s.m.m.a.RequestMappingHandlerMapping : Mapped "{[/error]}" onto public org.springframework.http.ResponseEntity<java.util.Map<java.lang.String, java.lang.Object>> org.springframework.boot.autoconfigure.web.BasicErrorController.error(javax.servlet.http.HttpServletRequest)
2018-04-19 13:54:56.922  INFO 11188 --- [           main] s.w.s.m.m.a.RequestMappingHandlerMapping : Mapped "{[/error],produces=[text/html]}" onto public org.springframework.web.servlet.ModelAndView org.springframework.boot.autoconfigure.web.BasicErrorController.errorHtml(javax.servlet.http.HttpServletRequest,javax.servlet.http.HttpServletResponse)
2018-04-19 13:54:57.312  INFO 11188 --- [           main] s.w.s.m.m.a.RequestMappingHandlerAdapter : Looking for @ControllerAdvice: org.springframework.web.context.support.GenericWebApplicationContext@6787bd41: startup date [Thu Apr 19 13:54:54 CDT 2018]; root of context hierarchy
2018-04-19 13:54:57.344  INFO 11188 --- [           main] o.s.w.s.handler.SimpleUrlHandlerMapping  : Mapped URL path [/webjars/**] onto handler of type [class org.springframework.web.servlet.resource.ResourceHttpRequestHandler]
2018-04-19 13:54:57.344  INFO 11188 --- [           main] o.s.w.s.handler.SimpleUrlHandlerMapping  : Mapped URL path [/**] onto handler of type [class org.springframework.web.servlet.resource.ResourceHttpRequestHandler]
2018-04-19 13:54:57.390  INFO 11188 --- [           main] o.s.w.s.handler.SimpleUrlHandlerMapping  : Mapped URL path [/**/favicon.ico] onto handler of type [class org.springframework.web.servlet.resource.ResourceHttpRequestHandler]
2018-04-19 13:54:57.406  INFO 11188 --- [           main] oConfiguration$WelcomePageHandlerMapping : Adding welcome page: ServletContext resource [/index.html]
2018-04-19 13:54:57.484  INFO 11188 --- [           main] o.s.b.t.m.w.SpringBootMockServletContext : Initializing Spring FrameworkServlet ''
2018-04-19 13:54:57.484  INFO 11188 --- [           main] o.s.t.web.servlet.TestDispatcherServlet  : FrameworkServlet '': initialization started
2018-04-19 13:54:57.500  INFO 11188 --- [           main] o.s.t.web.servlet.TestDispatcherServlet  : FrameworkServlet '': initialization completed in 16 ms
2018-04-19 13:54:57.560  INFO 11188 --- [           main] d.s.w.p.DocumentationPluginsBootstrapper : Context refreshed
2018-04-19 13:54:57.560  INFO 11188 --- [           main] d.s.w.p.DocumentationPluginsBootstrapper : Found 1 custom documentation plugin(s)
2018-04-19 13:54:57.560  INFO 11188 --- [           main] s.d.s.w.s.ApiListingReferenceScanner     : Scanning for api listing references
2018-04-19 13:54:57.638  INFO 11188 --- [           main] c.a.d.c.UserResourceComponentTest        : Started UserResourceComponentTest in 2.728 seconds (JVM running for 14.835)

MockHttpServletRequest:
      HTTP Method = POST
      Request URI = /addUser
       Parameters = {}
          Headers = {Content-Type=[application/json], Accept=[application/json]}

Handler:
             Type = com.att.demo.resource.AccountResourceImpl
           Method = public org.springframework.http.ResponseEntity<com.att.demo.model.Account> com.att.demo.resource.AccountResourceImpl.getAccount(int)

Async:
    Async started = false
     Async result = null

Resolved Exception:
             Type = org.springframework.web.bind.MissingPathVariableException

ModelAndView:
        View name = null
             View = null
            Model = null

FlashMap:
       Attributes = null

MockHttpServletResponse:
           Status = 500
    Error message = Missing URI template variable 'id' for method parameter of type int
          Headers = {}
     Content type = null
             Body = 
    Forwarded URL = null
   Redirected URL = null
          Cookies = []
]]></system-out>
  </testcase>
  <testcase name="findAllTest" classname="com.att.demo.component.UserResourceComponentTest" time="0.047">
    <failure message="expected:&lt;200&gt; but was:&lt;405&gt;" type="java.lang.AssertionError"><![CDATA[java.lang.AssertionError: expected:<200> but was:<405>
	at org.junit.Assert.fail(Assert.java:88)
	at org.junit.Assert.failNotEquals(Assert.java:834)
	at org.junit.Assert.assertEquals(Assert.java:645)
	at org.junit.Assert.assertEquals(Assert.java:631)
	at com.att.demo.component.UserResourceComponentTest.findAllTest(UserResourceComponentTest.java:50)
]]></failure>
    <system-out><![CDATA[2018-04-19 13:54:57.747  WARN 11188 --- [           main] o.s.web.servlet.PageNotFound             : Request method 'GET' not supported

MockHttpServletRequest:
      HTTP Method = POST
      Request URI = /addUser
       Parameters = {}
          Headers = {Content-Type=[application/json], Accept=[application/json]}

Handler:
             Type = com.att.demo.resource.AccountResourceImpl
           Method = public org.springframework.http.ResponseEntity<com.att.demo.model.Account> com.att.demo.resource.AccountResourceImpl.getAccount(int)

Async:
    Async started = false
     Async result = null

Resolved Exception:
             Type = org.springframework.web.bind.MissingPathVariableException

ModelAndView:
        View name = null
             View = null
            Model = null

FlashMap:
       Attributes = null

MockHttpServletResponse:
           Status = 500
    Error message = Missing URI template variable 'id' for method parameter of type int
          Headers = {}
     Content type = null
             Body = 
    Forwarded URL = null
   Redirected URL = null
          Cookies = []

MockHttpServletRequest:
      HTTP Method = GET
      Request URI = /findAllUsers
       Parameters = {}
          Headers = {Accept=[application/json]}

Handler:
             Type = null

Async:
    Async started = false
     Async result = null

Resolved Exception:
             Type = org.springframework.web.HttpRequestMethodNotSupportedException

ModelAndView:
        View name = null
             View = null
            Model = null

FlashMap:
       Attributes = null

MockHttpServletResponse:
           Status = 405
    Error message = Request method 'GET' not supported
          Headers = {Allow=[POST]}
     Content type = null
             Body = 
    Forwarded URL = null
   Redirected URL = null
          Cookies = []
]]></system-out>
  </testcase>
</testsuite>